<?xml version="1.0" encoding="UTF-8"?>
<testsuite name="com.iotbigdata.fishtankproject.FishTankProjectApplicationTests" tests="1" skipped="0" failures="0" errors="0" timestamp="2025-10-16T01:11:00.640Z" hostname="503-13" time="0.426">
  <properties/>
  <testcase name="회원가입 API - 정상 등록 시 200 OK 반환 및 DB 저장 확인" classname="com.iotbigdata.fishtankproject.FishTankProjectApplicationTests" time="0.426"/>
  <system-out><![CDATA[10:10:57.742 [Test worker] INFO org.springframework.test.context.support.AnnotationConfigContextLoaderUtils -- Could not detect default configuration classes for test class [com.iotbigdata.fishtankproject.FishTankProjectApplicationTests]: FishTankProjectApplicationTests does not declare any static, non-private, non-final, nested classes annotated with @Configuration.
10:10:57.817 [Test worker] INFO org.springframework.boot.test.context.SpringBootTestContextBootstrapper -- Found @SpringBootConfiguration com.iotbigdata.fishtankproject.FishTankProjectApplication for test class com.iotbigdata.fishtankproject.FishTankProjectApplicationTests

  .   ____          _            __ _ _
 /\\ / ___'_ __ _ _(_)_ __  __ _ \ \ \ \
( ( )\___ | '_ | '_| | '_ \/ _` | \ \ \ \
 \\/  ___)| |_)| | | | | || (_| |  ) ) ) )
  '  |____| .__|_| |_|_| |_\__, | / / / /
 =========|_|==============|___/=/_/_/_/

 :: Spring Boot ::                (v3.5.6)

2025-10-16T10:10:58.084+09:00  INFO 52868 --- [FishTankProject] [    Test worker] c.i.f.FishTankProjectApplicationTests    : Starting FishTankProjectApplicationTests using Java 17.0.12 with PID 52868 (started by user in C:\Users\user\IdeaProjects\FishTankProject)
2025-10-16T10:10:58.084+09:00  INFO 52868 --- [FishTankProject] [    Test worker] c.i.f.FishTankProjectApplicationTests    : No active profile set, falling back to 1 default profile: "default"
2025-10-16T10:10:58.510+09:00  INFO 52868 --- [FishTankProject] [    Test worker] .s.d.r.c.RepositoryConfigurationDelegate : Bootstrapping Spring Data JPA repositories in DEFAULT mode.
2025-10-16T10:10:58.546+09:00  INFO 52868 --- [FishTankProject] [    Test worker] .s.d.r.c.RepositoryConfigurationDelegate : Finished Spring Data repository scanning in 29 ms. Found 1 JPA repository interface.
2025-10-16T10:10:58.843+09:00  INFO 52868 --- [FishTankProject] [    Test worker] o.hibernate.jpa.internal.util.LogHelper  : HHH000204: Processing PersistenceUnitInfo [name: default]
2025-10-16T10:10:58.887+09:00  INFO 52868 --- [FishTankProject] [    Test worker] org.hibernate.Version                    : HHH000412: Hibernate ORM core version 6.6.29.Final
2025-10-16T10:10:58.913+09:00  INFO 52868 --- [FishTankProject] [    Test worker] o.h.c.internal.RegionFactoryInitiator    : HHH000026: Second-level cache disabled
2025-10-16T10:10:59.090+09:00  INFO 52868 --- [FishTankProject] [    Test worker] o.s.o.j.p.SpringPersistenceUnitInfo      : No LoadTimeWeaver setup: ignoring JPA class transformer
2025-10-16T10:10:59.107+09:00  INFO 52868 --- [FishTankProject] [    Test worker] com.zaxxer.hikari.HikariDataSource       : HikariPool-1 - Starting...
2025-10-16T10:10:59.285+09:00  INFO 52868 --- [FishTankProject] [    Test worker] com.zaxxer.hikari.pool.HikariPool        : HikariPool-1 - Added connection com.mysql.cj.jdbc.ConnectionImpl@53918b5e
2025-10-16T10:10:59.286+09:00  INFO 52868 --- [FishTankProject] [    Test worker] com.zaxxer.hikari.HikariDataSource       : HikariPool-1 - Start completed.
2025-10-16T10:10:59.336+09:00  INFO 52868 --- [FishTankProject] [    Test worker] org.hibernate.orm.connections.pooling    : HHH10001005: Database info:
	Database JDBC URL [Connecting through datasource 'HikariDataSource (HikariPool-1)']
	Database driver: undefined/unknown
	Database version: 8.0.43
	Autocommit mode: undefined/unknown
	Isolation level: undefined/unknown
	Minimum pool size: undefined/unknown
	Maximum pool size: undefined/unknown
2025-10-16T10:10:59.844+09:00  INFO 52868 --- [FishTankProject] [    Test worker] o.h.e.t.j.p.i.JtaPlatformInitiator       : HHH000489: No JTA platform available (set 'hibernate.transaction.jta.platform' to enable JTA platform integration)
2025-10-16T10:10:59.872+09:00  INFO 52868 --- [FishTankProject] [    Test worker] j.LocalContainerEntityManagerFactoryBean : Initialized JPA EntityManagerFactory for persistence unit 'default'
2025-10-16T10:11:00.025+09:00  WARN 52868 --- [FishTankProject] [    Test worker] JpaBaseConfiguration$JpaWebConfiguration : spring.jpa.open-in-view is enabled by default. Therefore, database queries may be performed during view rendering. Explicitly configure spring.jpa.open-in-view to disable this warning
2025-10-16T10:11:00.052+09:00  WARN 52868 --- [FishTankProject] [    Test worker] .s.s.UserDetailsServiceAutoConfiguration : 

Using generated security password: ea98ee60-b5f9-4ea2-b1bc-6bee6e6b95c7

This generated password is for development use only. Your security configuration must be updated before running your application in production.

2025-10-16T10:11:00.059+09:00  INFO 52868 --- [FishTankProject] [    Test worker] r$InitializeUserDetailsManagerConfigurer : Global AuthenticationManager configured with UserDetailsService bean with name inMemoryUserDetailsManager
2025-10-16T10:11:00.599+09:00  INFO 52868 --- [FishTankProject] [    Test worker] o.s.b.t.m.w.SpringBootMockServletContext : Initializing Spring TestDispatcherServlet ''
2025-10-16T10:11:00.599+09:00  INFO 52868 --- [FishTankProject] [    Test worker] o.s.t.web.servlet.TestDispatcherServlet  : Initializing Servlet ''
2025-10-16T10:11:00.601+09:00  INFO 52868 --- [FishTankProject] [    Test worker] o.s.t.web.servlet.TestDispatcherServlet  : Completed initialization in 2 ms
2025-10-16T10:11:00.628+09:00  INFO 52868 --- [FishTankProject] [    Test worker] c.i.f.FishTankProjectApplicationTests    : Started FishTankProjectApplicationTests in 2.723 seconds (process running for 3.388)
Hibernate: 
    select
        u1_0.id,
        u1_0.name,
        u1_0.password,
        u1_0.role 
    from
        user u1_0 
    where
        u1_0.id=?
Hibernate: 
    insert 
    into
        user
        (name, password, role, id) 
    values
        (?, ?, ?, ?)
]]></system-out>
  <system-err><![CDATA[]]></system-err>
</testsuite>
