<?xml version="1.0" encoding="UTF-8"?>
<testsuite name="com.iotbigdata.fishtankproject.FishTankProjectApplicationTests" tests="1" skipped="0" failures="1" errors="0" timestamp="2025-10-20T07:55:09.370Z" hostname="503-17" time="0.619">
  <properties/>
  <testcase name="회원가입 후 로그인 테스트" classname="com.iotbigdata.fishtankproject.FishTankProjectApplicationTests" time="0.619">
    <failure message="java.lang.AssertionError: Status expected:&lt;200&gt; but was:&lt;400&gt;" type="java.lang.AssertionError">java.lang.AssertionError: Status expected:&lt;200&gt; but was:&lt;400&gt;
	at org.springframework.test.util.AssertionErrors.fail(AssertionErrors.java:61)
	at org.springframework.test.util.AssertionErrors.assertEquals(AssertionErrors.java:128)
	at org.springframework.test.web.servlet.result.StatusResultMatchers.lambda$matcher$9(StatusResultMatchers.java:640)
	at org.springframework.test.web.servlet.MockMvc$1.andExpect(MockMvc.java:214)
	at com.iotbigdata.fishtankproject.FishTankProjectApplicationTests.registerAndLoginTest(FishTankProjectApplicationTests.java:88)
	at java.base/java.lang.reflect.Method.invoke(Method.java:568)
	at java.base/java.util.ArrayList.forEach(ArrayList.java:1511)
	at java.base/java.util.ArrayList.forEach(ArrayList.java:1511)
</failure>
  </testcase>
  <system-out><![CDATA[16:55:06.245 [Test worker] INFO org.springframework.test.context.support.AnnotationConfigContextLoaderUtils -- Could not detect default configuration classes for test class [com.iotbigdata.fishtankproject.FishTankProjectApplicationTests]: FishTankProjectApplicationTests does not declare any static, non-private, non-final, nested classes annotated with @Configuration.
16:55:06.334 [Test worker] INFO org.springframework.boot.test.context.SpringBootTestContextBootstrapper -- Found @SpringBootConfiguration com.iotbigdata.fishtankproject.FishTankProjectApplication for test class com.iotbigdata.fishtankproject.FishTankProjectApplicationTests

  .   ____          _            __ _ _
 /\\ / ___'_ __ _ _(_)_ __  __ _ \ \ \ \
( ( )\___ | '_ | '_| | '_ \/ _` | \ \ \ \
 \\/  ___)| |_)| | | | | || (_| |  ) ) ) )
  '  |____| .__|_| |_|_| |_\__, | / / / /
 =========|_|==============|___/=/_/_/_/

 :: Spring Boot ::                (v3.5.6)

2025-10-20T16:55:06.600+09:00  INFO 582168 --- [FishTankProject] [    Test worker] c.i.f.FishTankProjectApplicationTests    : Starting FishTankProjectApplicationTests using Java 17.0.12 with PID 582168 (started by user in C:\Users\user\IdeaProjects\FishTankProject\FishTankControlSystem\backend)
2025-10-20T16:55:06.601+09:00  INFO 582168 --- [FishTankProject] [    Test worker] c.i.f.FishTankProjectApplicationTests    : No active profile set, falling back to 1 default profile: "default"
2025-10-20T16:55:07.021+09:00  INFO 582168 --- [FishTankProject] [    Test worker] .s.d.r.c.RepositoryConfigurationDelegate : Bootstrapping Spring Data JPA repositories in DEFAULT mode.
2025-10-20T16:55:07.062+09:00  INFO 582168 --- [FishTankProject] [    Test worker] .s.d.r.c.RepositoryConfigurationDelegate : Finished Spring Data repository scanning in 34 ms. Found 2 JPA repository interfaces.
2025-10-20T16:55:07.417+09:00  INFO 582168 --- [FishTankProject] [    Test worker] o.hibernate.jpa.internal.util.LogHelper  : HHH000204: Processing PersistenceUnitInfo [name: default]
2025-10-20T16:55:07.465+09:00  INFO 582168 --- [FishTankProject] [    Test worker] org.hibernate.Version                    : HHH000412: Hibernate ORM core version 6.6.29.Final
2025-10-20T16:55:07.492+09:00  INFO 582168 --- [FishTankProject] [    Test worker] o.h.c.internal.RegionFactoryInitiator    : HHH000026: Second-level cache disabled
2025-10-20T16:55:07.673+09:00  INFO 582168 --- [FishTankProject] [    Test worker] o.s.o.j.p.SpringPersistenceUnitInfo      : No LoadTimeWeaver setup: ignoring JPA class transformer
2025-10-20T16:55:07.692+09:00  INFO 582168 --- [FishTankProject] [    Test worker] com.zaxxer.hikari.HikariDataSource       : HikariPool-1 - Starting...
2025-10-20T16:55:07.865+09:00  INFO 582168 --- [FishTankProject] [    Test worker] com.zaxxer.hikari.pool.HikariPool        : HikariPool-1 - Added connection com.mysql.cj.jdbc.ConnectionImpl@2210e466
2025-10-20T16:55:07.866+09:00  INFO 582168 --- [FishTankProject] [    Test worker] com.zaxxer.hikari.HikariDataSource       : HikariPool-1 - Start completed.
2025-10-20T16:55:07.915+09:00  INFO 582168 --- [FishTankProject] [    Test worker] org.hibernate.orm.connections.pooling    : HHH10001005: Database info:
	Database JDBC URL [Connecting through datasource 'HikariDataSource (HikariPool-1)']
	Database driver: undefined/unknown
	Database version: 8.0.43
	Autocommit mode: undefined/unknown
	Isolation level: undefined/unknown
	Minimum pool size: undefined/unknown
	Maximum pool size: undefined/unknown
2025-10-20T16:55:08.448+09:00  INFO 582168 --- [FishTankProject] [    Test worker] o.h.e.t.j.p.i.JtaPlatformInitiator       : HHH000489: No JTA platform available (set 'hibernate.transaction.jta.platform' to enable JTA platform integration)
2025-10-20T16:55:08.487+09:00  INFO 582168 --- [FishTankProject] [    Test worker] j.LocalContainerEntityManagerFactoryBean : Initialized JPA EntityManagerFactory for persistence unit 'default'
2025-10-20T16:55:08.622+09:00  INFO 582168 --- [FishTankProject] [    Test worker] r$InitializeUserDetailsManagerConfigurer : Global AuthenticationManager configured with UserDetailsService bean with name userService
2025-10-20T16:55:08.648+09:00  WARN 582168 --- [FishTankProject] [    Test worker] JpaBaseConfiguration$JpaWebConfiguration : spring.jpa.open-in-view is enabled by default. Therefore, database queries may be performed during view rendering. Explicitly configure spring.jpa.open-in-view to disable this warning
2025-10-20T16:55:09.337+09:00  INFO 582168 --- [FishTankProject] [    Test worker] o.s.b.t.m.w.SpringBootMockServletContext : Initializing Spring TestDispatcherServlet ''
2025-10-20T16:55:09.337+09:00  INFO 582168 --- [FishTankProject] [    Test worker] o.s.t.web.servlet.TestDispatcherServlet  : Initializing Servlet ''
2025-10-20T16:55:09.338+09:00  INFO 582168 --- [FishTankProject] [    Test worker] o.s.t.web.servlet.TestDispatcherServlet  : Completed initialization in 1 ms
2025-10-20T16:55:09.361+09:00  INFO 582168 --- [FishTankProject] [    Test worker] c.i.f.FishTankProjectApplicationTests    : Started FishTankProjectApplicationTests in 2.939 seconds (process running for 3.655)
Hibernate: 
    select
        count(*) 
    from
        user au1_0 
    where
        au1_0.id=?

MockHttpServletRequest:
      HTTP Method = POST
      Request URI = /api/user/register
       Parameters = {}
          Headers = [Content-Type:"application/json;charset=UTF-8", Content-Length:"105"]
             Body = {"id":"testUser","password":"testPass1234!!","confirmPassword":"testPass1234!!","name":"테스트유저"}
    Session Attrs = {}

Handler:
             Type = com.iotbigdata.fishtankproject.controller.UserController
           Method = com.iotbigdata.fishtankproject.controller.UserController#register(UserRegisterDto, BindingResult)

Async:
    Async started = false
     Async result = null

Resolved Exception:
             Type = null

ModelAndView:
        View name = null
             View = null
            Model = null

FlashMap:
       Attributes = null

MockHttpServletResponse:
           Status = 400
    Error message = null
          Headers = [Vary:"Origin", "Access-Control-Request-Method", "Access-Control-Request-Headers", Content-Type:"application/json", X-Content-Type-Options:"nosniff", X-XSS-Protection:"0", Cache-Control:"no-cache, no-store, max-age=0, must-revalidate", Pragma:"no-cache", Expires:"0", X-Frame-Options:"DENY"]
     Content type = application/json
             Body = [{"objectName":"userRegisterDto","field":"id","rejectedValue":"testUser","codes":["UniqueUserId.userRegisterDto.id","UniqueUserId.id","UniqueUserId.java.lang.String","UniqueUserId"],"arguments":[{"codes":["userRegisterDto.id","id"],"arguments":null,"defaultMessage":"id","code":"id"}],"defaultMessage":"이미 존재하는 아이디입니다.","bindingFailure":false,"code":"UniqueUserId"}]
    Forwarded URL = null
   Redirected URL = null
          Cookies = []
]]></system-out>
  <system-err><![CDATA[]]></system-err>
</testsuite>
