<?xml version="1.0" encoding="UTF-8"?>
<testsuite name="com.iotbigdata.fishtankproject.FishTankProjectApplicationTests" tests="1" skipped="0" failures="0" errors="0" timestamp="2025-10-20T01:24:49.202Z" hostname="503-17" time="0.898">
  <properties/>
  <testcase name="회원가입 후 로그인 테스트" classname="com.iotbigdata.fishtankproject.FishTankProjectApplicationTests" time="0.898"/>
  <system-out><![CDATA[10:24:46.304 [Test worker] INFO org.springframework.test.context.support.AnnotationConfigContextLoaderUtils -- Could not detect default configuration classes for test class [com.iotbigdata.fishtankproject.FishTankProjectApplicationTests]: FishTankProjectApplicationTests does not declare any static, non-private, non-final, nested classes annotated with @Configuration.
10:24:46.381 [Test worker] INFO org.springframework.boot.test.context.SpringBootTestContextBootstrapper -- Found @SpringBootConfiguration com.iotbigdata.fishtankproject.FishTankProjectApplication for test class com.iotbigdata.fishtankproject.FishTankProjectApplicationTests

  .   ____          _            __ _ _
 /\\ / ___'_ __ _ _(_)_ __  __ _ \ \ \ \
( ( )\___ | '_ | '_| | '_ \/ _` | \ \ \ \
 \\/  ___)| |_)| | | | | || (_| |  ) ) ) )
  '  |____| .__|_| |_|_| |_\__, | / / / /
 =========|_|==============|___/=/_/_/_/

 :: Spring Boot ::                (v3.5.6)

2025-10-20T10:24:46.637+09:00  INFO 101076 --- [FishTankProject] [    Test worker] c.i.f.FishTankProjectApplicationTests    : Starting FishTankProjectApplicationTests using Java 17.0.12 with PID 101076 (started by user in C:\Users\user\IdeaProjects\FishTankProject\FishTankControlSystem\backend)
2025-10-20T10:24:46.638+09:00  INFO 101076 --- [FishTankProject] [    Test worker] c.i.f.FishTankProjectApplicationTests    : No active profile set, falling back to 1 default profile: "default"
2025-10-20T10:24:47.050+09:00  INFO 101076 --- [FishTankProject] [    Test worker] .s.d.r.c.RepositoryConfigurationDelegate : Bootstrapping Spring Data JPA repositories in DEFAULT mode.
2025-10-20T10:24:47.090+09:00  INFO 101076 --- [FishTankProject] [    Test worker] .s.d.r.c.RepositoryConfigurationDelegate : Finished Spring Data repository scanning in 34 ms. Found 2 JPA repository interfaces.
2025-10-20T10:24:47.400+09:00  INFO 101076 --- [FishTankProject] [    Test worker] o.hibernate.jpa.internal.util.LogHelper  : HHH000204: Processing PersistenceUnitInfo [name: default]
2025-10-20T10:24:47.450+09:00  INFO 101076 --- [FishTankProject] [    Test worker] org.hibernate.Version                    : HHH000412: Hibernate ORM core version 6.6.29.Final
2025-10-20T10:24:47.477+09:00  INFO 101076 --- [FishTankProject] [    Test worker] o.h.c.internal.RegionFactoryInitiator    : HHH000026: Second-level cache disabled
2025-10-20T10:24:47.660+09:00  INFO 101076 --- [FishTankProject] [    Test worker] o.s.o.j.p.SpringPersistenceUnitInfo      : No LoadTimeWeaver setup: ignoring JPA class transformer
2025-10-20T10:24:47.678+09:00  INFO 101076 --- [FishTankProject] [    Test worker] com.zaxxer.hikari.HikariDataSource       : HikariPool-1 - Starting...
2025-10-20T10:24:47.849+09:00  INFO 101076 --- [FishTankProject] [    Test worker] com.zaxxer.hikari.pool.HikariPool        : HikariPool-1 - Added connection com.mysql.cj.jdbc.ConnectionImpl@5e7e7a7e
2025-10-20T10:24:47.850+09:00  INFO 101076 --- [FishTankProject] [    Test worker] com.zaxxer.hikari.HikariDataSource       : HikariPool-1 - Start completed.
2025-10-20T10:24:47.895+09:00  INFO 101076 --- [FishTankProject] [    Test worker] org.hibernate.orm.connections.pooling    : HHH10001005: Database info:
	Database JDBC URL [Connecting through datasource 'HikariDataSource (HikariPool-1)']
	Database driver: undefined/unknown
	Database version: 8.0.43
	Autocommit mode: undefined/unknown
	Isolation level: undefined/unknown
	Minimum pool size: undefined/unknown
	Maximum pool size: undefined/unknown
2025-10-20T10:24:48.435+09:00  INFO 101076 --- [FishTankProject] [    Test worker] o.h.e.t.j.p.i.JtaPlatformInitiator       : HHH000489: No JTA platform available (set 'hibernate.transaction.jta.platform' to enable JTA platform integration)
2025-10-20T10:24:48.466+09:00  INFO 101076 --- [FishTankProject] [    Test worker] j.LocalContainerEntityManagerFactoryBean : Initialized JPA EntityManagerFactory for persistence unit 'default'
2025-10-20T10:24:48.620+09:00  INFO 101076 --- [FishTankProject] [    Test worker] r$InitializeUserDetailsManagerConfigurer : Global AuthenticationManager configured with UserDetailsService bean with name userService
2025-10-20T10:24:48.634+09:00  WARN 101076 --- [FishTankProject] [    Test worker] JpaBaseConfiguration$JpaWebConfiguration : spring.jpa.open-in-view is enabled by default. Therefore, database queries may be performed during view rendering. Explicitly configure spring.jpa.open-in-view to disable this warning
2025-10-20T10:24:49.161+09:00  INFO 101076 --- [FishTankProject] [    Test worker] o.s.b.t.m.w.SpringBootMockServletContext : Initializing Spring TestDispatcherServlet ''
2025-10-20T10:24:49.161+09:00  INFO 101076 --- [FishTankProject] [    Test worker] o.s.t.web.servlet.TestDispatcherServlet  : Initializing Servlet ''
2025-10-20T10:24:49.162+09:00  INFO 101076 --- [FishTankProject] [    Test worker] o.s.t.web.servlet.TestDispatcherServlet  : Completed initialization in 1 ms
2025-10-20T10:24:49.189+09:00  INFO 101076 --- [FishTankProject] [    Test worker] c.i.f.FishTankProjectApplicationTests    : Started FishTankProjectApplicationTests in 2.717 seconds (process running for 3.389)
Hibernate: 
    select
        count(*) 
    from
        user au1_0 
    where
        au1_0.id=?
Hibernate: 
    select
        au1_0.id,
        au1_0.name,
        au1_0.password,
        au1_0.role 
    from
        user au1_0 
    where
        au1_0.id=?
Hibernate: 
    insert 
    into
        user
        (name, password, role, id) 
    values
        (?, ?, ?, ?)
Hibernate: 
    select
        au1_0.id,
        au1_0.name,
        au1_0.password,
        au1_0.role 
    from
        user au1_0 
    where
        au1_0.id=?
로그인 응답: {"message":"로그인 성공","token":"eyJhbGciOiJIUzI1NiJ9.eyJzdWIiOiJ0ZXN0VXNlciIsInJvbGUiOiJDVVNUT01FUiIsImlhdCI6MTc2MDkyMzQ5MCwiZXhwIjoxNzYwOTI3MDkwfQ.o5vc2KS8Upl1R5tEQtbyabrbIq0wftG1RUg1I5ioOlg"}
]]></system-out>
  <system-err><![CDATA[]]></system-err>
</testsuite>
